<?xml version="1.0" encoding="UTF-8"?>
<!-- Generated by org.testng.reporters.JUnitReportReporter -->
<testsuite skipped="0" hostname="01-011648" name="com.shop.qa.testcases.LoginPageTest" tests="2" failures="0" timestamp="03 Oct 2019 11:19:12 GMT" time="13.427" errors="0">
  <testcase name="loginPageTitleTest" time="7.332" classname="com.shop.qa.testcases.LoginPageTest"/>
  <testcase name="loginTest" time="6.095" classname="com.shop.qa.testcases.LoginPageTest"/>
</testsuite> <!-- com.shop.qa.testcases.LoginPageTest -->
